<?xml version="1.0" encoding="UTF-8"?>
<!-- Generated by org.testng.reporters.JUnitReportReporter -->
<testsuite hostname="dchoi-imac-24.home" name="script.dataProviderExample" tests="5" failures="0" timestamp="11 Feb 2013 20:01:37 GMT" time="40.389" errors="0">
  <testcase name="testDataProviderExample" time="6.135" classname="script.dataProviderExample"/>
  <testcase name="testDataProviderExample" time="7.483" classname="script.dataProviderExample"/>
  <testcase name="testDataProviderExample" time="7.431" classname="script.dataProviderExample"/>
  <testcase name="testDataProviderExample" time="5.457" classname="script.dataProviderExample"/>
  <testcase name="testDataProviderExample" time="13.883" classname="script.dataProviderExample"/>
</testsuite> <!-- script.dataProviderExample -->
